<?xml version="1.0" encoding="UTF-8"?>
<!-- Generated by org.testng.reporters.JUnitReportReporter -->
<testsuite hostname="DESKTOP-GODS5UC" name="com.yatra.testCase.YatraSiteRegressionTest" tests="3" failures="0" timestamp="20 Jun 2020 11:53:14 GMT" time="44.533" errors="0">
  <testcase name="Loadsite" time="13.251" classname="com.yatra.testCase.YatraSiteRegressionTest"/>
  <testcase name="login" time="10.536" classname="com.yatra.testCase.YatraSiteRegressionTest"/>
  <testcase name="searchCab" time="20.746" classname="com.yatra.testCase.YatraSiteRegressionTest"/>
</testsuite> <!-- com.yatra.testCase.YatraSiteRegressionTest -->
