<?xml version="1.0" encoding="UTF-8"?>
<!-- Generated by org.testng.reporters.JUnitReportReporter -->
<testsuite hostname="DESKTOP-GODS5UC" name="com.yatra.testCase.YatraSiteSmokeTest" tests="2" failures="0" timestamp="17 Jun 2020 07:16:05 GMT" time="30.988" errors="0">
  <testcase name="Loadsite" time="14.742" classname="com.yatra.testCase.YatraSiteSmokeTest"/>
  <testcase name="searchCab" time="16.246" classname="com.yatra.testCase.YatraSiteSmokeTest"/>
</testsuite> <!-- com.yatra.testCase.YatraSiteSmokeTest -->
