<?xml version="1.0" encoding="UTF-8"?>
<!-- Generated by org.testng.reporters.JUnitReportReporter -->
<testsuite hostname="DESKTOP-GODS5UC" name="com.yatra.testCase.YatraSiteRegressionTest" tests="4" failures="0" timestamp="17 Jun 2020 12:09:58 GMT" time="48.903" errors="0">
  <testcase name="login" time="11.627" classname="com.yatra.testCase.YatraSiteRegressionTest"/>
  <testcase name="Loadsite" time="12.708" classname="com.yatra.testCase.YatraSiteRegressionTest"/>
  <testcase name="searchCab" time="22.986" classname="com.yatra.testCase.YatraSiteRegressionTest"/>
  <testcase name="ExcelWrite" time="1.582" classname="com.yatra.testCase.YatraSiteRegressionTest"/>
</testsuite> <!-- com.yatra.testCase.YatraSiteRegressionTest -->
