<?xml version="1.0" encoding="UTF-8"?>
<!-- Generated by org.testng.reporters.JUnitReportReporter -->
<testsuite hostname="DESKTOP-GODS5UC" name="com.yatra.testCase.YatraSiteTestCase" tests="6" failures="0" timestamp="14 Jun 2020 11:04:02 GMT" time="66.449" errors="0">
  <testcase name="BrowserSelection" time="8.143" classname="com.yatra.testCase.YatraSiteTestCase"/>
  <testcase name="ExcelWrite" time="4.514" classname="com.yatra.testCase.YatraSiteTestCase"/>
  <testcase name="QuitBrowser" time="15.403" classname="com.yatra.testCase.YatraSiteTestCase"/>
  <testcase name="login" time="12.148" classname="com.yatra.testCase.YatraSiteTestCase"/>
  <testcase name="Loadsite" time="14.057" classname="com.yatra.testCase.YatraSiteTestCase"/>
  <testcase name="searchCab" time="12.184" classname="com.yatra.testCase.YatraSiteTestCase"/>
</testsuite> <!-- com.yatra.testCase.YatraSiteTestCase -->
