<?xml version="1.0" encoding="UTF-8"?>
<!-- Generated by org.testng.reporters.JUnitReportReporter -->
<testsuite hostname="DESKTOP-GODS5UC" name="com.yatra.testCase.YatraSiteRegressionTest" tests="4" failures="0" timestamp="20 Jun 2020 12:05:11 GMT" time="51.292" errors="0">
  <testcase name="searchCab" time="21.271" classname="com.yatra.testCase.YatraSiteRegressionTest"/>
  <testcase name="login" time="11.993" classname="com.yatra.testCase.YatraSiteRegressionTest"/>
  <testcase name="ExcelWrite" time="1.126" classname="com.yatra.testCase.YatraSiteRegressionTest"/>
  <testcase name="Loadsite" time="16.902" classname="com.yatra.testCase.YatraSiteRegressionTest"/>
</testsuite> <!-- com.yatra.testCase.YatraSiteRegressionTest -->
